# JRE version: OpenJDK Runtime Environment GraalVM CE 22.3.0 (17.0.5+8) (build 17.0.5+8-jvmci-22.3-b08)
# Java VM: OpenJDK 64-Bit Server VM GraalVM CE 22.3.0 (17.0.5+8-jvmci-22.3-b08, mixed mode, sharing, tiered, jvmci, jvmci compiler, compressed oops, compressed class ptrs, parallel gc, linux-amd64)
GC Precious Log:
 CPUs: 8 total, 1 available
 Memory: 1024M
 Large Page Support: Disabled
 NUMA Support: Disabled
 Compressed Oops: Enabled (32-bit)
 Alignments: Space 512K, Generation 512K, Heap 2M
 Heap Min Capacity: 100M
 Heap Initial Capacity: 100M
 Heap Max Capacity: 512M
 Pre-touch: Disabled
 Parallel Workers: 1
Heap:
 PSYoungGen      total 24576K, used 16896K [0x00000000f5580000, 0x00000000f7300000, 0x0000000100000000)
  eden space 16896K, 100% used [0x00000000f5580000,0x00000000f6600000,0x00000000f6600000)
  from space 7680K, 0% used [0x00000000f6600000,0x00000000f6600000,0x00000000f6d80000)
  to   space 5120K, 0% used [0x00000000f6e00000,0x00000000f6e00000,0x00000000f7300000)
 ParOldGen       total 349696K, used 349696K [0x00000000e0000000, 0x00000000f5580000, 0x00000000f5580000)
  object space 349696K, 100% used [0x00000000e0000000,0x00000000f5580000,0x00000000f5580000)
 Metaspace       used 53261K, committed 54016K, reserved 1097728K
  class space    used 5367K, committed 5696K, reserved 1048576K
GC Heap History (20 events):
Event: 1268.155 GC heap before
{Heap before GC invocations=1049 (full 922):
 PSYoungGen      total 24576K, used 16896K [0x00000000f5580000, 0x00000000f7300000, 0x0000000100000000)
  eden space 16896K, 100% used [0x00000000f5580000,0x00000000f6600000,0x00000000f6600000)
  from space 7680K, 0% used [0x00000000f6600000,0x00000000f6600000,0x00000000f6d80000)
  to   space 5120K, 0% used [0x00000000f6e00000,0x00000000f6e00000,0x00000000f7300000)
 ParOldGen       total 349696K, used 349696K [0x00000000e0000000, 0x00000000f5580000, 0x00000000f5580000)
  object space 349696K, 100% used [0x00000000e0000000,0x00000000f5580000,0x00000000f5580000)
 Metaspace       used 53260K, committed 54016K, reserved 1097728K
  class space    used 5367K, committed 5696K, reserved 1048576K
}
Event: 1269.468 GC heap after
{Heap after GC invocations=1049 (full 922):
 PSYoungGen      total 22016K, used 16896K [0x00000000f5580000, 0x00000000f7300000, 0x0000000100000000)
  eden space 16896K, 100% used [0x00000000f5580000,0x00000000f6600000,0x00000000f6600000)
  from space 5120K, 0% used [0x00000000f6e00000,0x00000000f6e00000,0x00000000f7300000)
  to   space 7680K, 0% used [0x00000000f6600000,0x00000000f6600000,0x00000000f6d80000)
 ParOldGen       total 349696K, used 349696K [0x00000000e0000000, 0x00000000f5580000, 0x00000000f5580000)
  object space 349696K, 100% used [0x00000000e0000000,0x00000000f5580000,0x00000000f5580000)
 Metaspace       used 53260K, committed 54016K, reserved 1097728K
  class space    used 5367K, committed 5696K, reserved 1048576K
}
Event: 1269.468 GC heap before
{Heap before GC invocations=1050 (full 923):
 PSYoungGen      total 22016K, used 16896K [0x00000000f5580000, 0x00000000f7300000, 0x0000000100000000)
  eden space 16896K, 100% used [0x00000000f5580000,0x00000000f6600000,0x00000000f6600000)
  from space 5120K, 0% used [0x00000000f6e00000,0x00000000f6e00000,0x00000000f7300000)
  to   space 7680K, 0% used [0x00000000f6600000,0x00000000f6600000,0x00000000f6d80000)
 ParOldGen       total 349696K, used 349696K [0x00000000e0000000, 0x00000000f5580000, 0x00000000f5580000)
  object space 349696K, 100% used [0x00000000e0000000,0x00000000f5580000,0x00000000f5580000)
 Metaspace       used 53260K, committed 54016K, reserved 1097728K
  class space    used 5367K, committed 5696K, reserved 1048576K
}
Event: 1270.769 GC heap after
{Heap after GC invocations=1050 (full 923):
 PSYoungGen      total 24576K, used 16896K [0x00000000f5580000, 0x00000000f7300000, 0x0000000100000000)
  eden space 16896K, 100% used [0x00000000f5580000,0x00000000f6600000,0x00000000f6600000)
  from space 7680K, 0% used [0x00000000f6600000,0x00000000f6600000,0x00000000f6d80000)
  to   space 5120K, 0% used [0x00000000f6e00000,0x00000000f6e00000,0x00000000f7300000)
 ParOldGen       total 349696K, used 349695K [0x00000000e0000000, 0x00000000f5580000, 0x00000000f5580000)
  object space 349696K, 99% used [0x00000000e0000000,0x00000000f557ffb0,0x00000000f5580000)
 Metaspace       used 53260K, committed 54016K, reserved 1097728K
  class space    used 5367K, committed 5696K, reserved 1048576K
}
Event: 1270.769 GC heap before
{Heap before GC invocations=1051 (full 924):
 PSYoungGen      total 24576K, used 16896K [0x00000000f5580000, 0x00000000f7300000, 0x0000000100000000)
  eden space 16896K, 100% used [0x00000000f5580000,0x00000000f6600000,0x00000000f6600000)
  from space 7680K, 0% used [0x00000000f6600000,0x00000000f6600000,0x00000000f6d80000)
  to   space 5120K, 0% used [0x00000000f6e00000,0x00000000f6e00000,0x00000000f7300000)
 ParOldGen       total 349696K, used 349695K [0x00000000e0000000, 0x00000000f5580000, 0x00000000f5580000)
  object space 349696K, 99% used [0x00000000e0000000,0x00000000f557ffc8,0x00000000f5580000)
 Metaspace       used 53260K, committed 54016K, reserved 1097728K
  class space    used 5367K, committed 5696K, reserved 1048576K
}
Event: 1272.046 GC heap after
{Heap after GC invocations=1051 (full 924):
 PSYoungGen      total 22016K, used 16896K [0x00000000f5580000, 0x00000000f7300000, 0x0000000100000000)
  eden space 16896K, 100% used [0x00000000f5580000,0x00000000f6600000,0x00000000f6600000)
  from space 5120K, 0% used [0x00000000f6e00000,0x00000000f6e00000,0x00000000f7300000)
  to   space 7680K, 0% used [0x00000000f6600000,0x00000000f6600000,0x00000000f6d80000)
 ParOldGen       total 349696K, used 349695K [0x00000000e0000000, 0x00000000f5580000, 0x00000000f5580000)
  object space 349696K, 99% used [0x00000000e0000000,0x00000000f557ffc8,0x00000000f5580000)
 Metaspace       used 53260K, committed 54016K, reserved 1097728K
  class space    used 5367K, committed 5696K, reserved 1048576K
}
Event: 1272.046 GC heap before
{Heap before GC invocations=1052 (full 925):
 PSYoungGen      total 22016K, used 16896K [0x00000000f5580000, 0x00000000f7300000, 0x0000000100000000)
  eden space 16896K, 100% used [0x00000000f5580000,0x00000000f6600000,0x00000000f6600000)
  from space 5120K, 0% used [0x00000000f6e00000,0x00000000f6e00000,0x00000000f7300000)
  to   space 7680K, 0% used [0x00000000f6600000,0x00000000f6600000,0x00000000f6d80000)
 ParOldGen       total 349696K, used 349695K [0x00000000e0000000, 0x00000000f5580000, 0x00000000f5580000)
  object space 349696K, 99% used [0x00000000e0000000,0x00000000f557ffc8,0x00000000f5580000)
 Metaspace       used 53260K, committed 54016K, reserved 1097728K
  class space    used 5367K, committed 5696K, reserved 1048576K
}
Event: 1273.278 GC heap after
{Heap after GC invocations=1052 (full 925):
 PSYoungGen      total 24576K, used 16896K [0x00000000f5580000, 0x00000000f7300000, 0x0000000100000000)
  eden space 16896K, 100% used [0x00000000f5580000,0x00000000f6600000,0x00000000f6600000)
  from space 7680K, 0% used [0x00000000f6600000,0x00000000f6600000,0x00000000f6d80000)
  to   space 5120K, 0% used [0x00000000f6e00000,0x00000000f6e00000,0x00000000f7300000)
 ParOldGen       total 349696K, used 349695K [0x00000000e0000000, 0x00000000f5580000, 0x00000000f5580000)
  object space 349696K, 99% used [0x00000000e0000000,0x00000000f557ffc8,0x00000000f5580000)
 Metaspace       used 53260K, committed 54016K, reserved 1097728K
  class space    used 5367K, committed 5696K, reserved 1048576K
}
Event: 1273.279 GC heap before
{Heap before GC invocations=1053 (full 926):
 PSYoungGen      total 24576K, used 16896K [0x00000000f5580000, 0x00000000f7300000, 0x0000000100000000)
  eden space 16896K, 100% used [0x00000000f5580000,0x00000000f6600000,0x00000000f6600000)
  from space 7680K, 0% used [0x00000000f6600000,0x00000000f6600000,0x00000000f6d80000)
  to   space 5120K, 0% used [0x00000000f6e00000,0x00000000f6e00000,0x00000000f7300000)
 ParOldGen       total 349696K, used 349695K [0x00000000e0000000, 0x00000000f5580000, 0x00000000f5580000)
  object space 349696K, 99% used [0x00000000e0000000,0x00000000f557ffe8,0x00000000f5580000)
 Metaspace       used 53260K, committed 54016K, reserved 1097728K
  class space    used 5367K, committed 5696K, reserved 1048576K
}
Event: 1274.648 GC heap after
{Heap after GC invocations=1053 (full 926):
 PSYoungGen      total 22016K, used 16896K [0x00000000f5580000, 0x00000000f7300000, 0x0000000100000000)
  eden space 16896K, 100% used [0x00000000f5580000,0x00000000f6600000,0x00000000f6600000)
  from space 5120K, 0% used [0x00000000f6e00000,0x00000000f6e00000,0x00000000f7300000)
  to   space 7680K, 0% used [0x00000000f6600000,0x00000000f6600000,0x00000000f6d80000)
 ParOldGen       total 349696K, used 349695K [0x00000000e0000000, 0x00000000f5580000, 0x00000000f5580000)
  object space 349696K, 99% used [0x00000000e0000000,0x00000000f557fce8,0x00000000f5580000)
 Metaspace       used 53260K, committed 54016K, reserved 1097728K
  class space    used 5367K, committed 5696K, reserved 1048576K
}
Event: 1274.649 GC heap before
{Heap before GC invocations=1054 (full 927):
 PSYoungGen      total 22016K, used 16896K [0x00000000f5580000, 0x00000000f7300000, 0x0000000100000000)
  eden space 16896K, 100% used [0x00000000f5580000,0x00000000f6600000,0x00000000f6600000)
  from space 5120K, 0% used [0x00000000f6e00000,0x00000000f6e00000,0x00000000f7300000)
  to   space 7680K, 0% used [0x00000000f6600000,0x00000000f6600000,0x00000000f6d80000)
 ParOldGen       total 349696K, used 349695K [0x00000000e0000000, 0x00000000f5580000, 0x00000000f5580000)
  object space 349696K, 99% used [0x00000000e0000000,0x00000000f557ffe8,0x00000000f5580000)
 Metaspace       used 53261K, committed 54016K, reserved 1097728K
  class space    used 5367K, committed 5696K, reserved 1048576K
}
Event: 1275.870 GC heap after
{Heap after GC invocations=1054 (full 927):
 PSYoungGen      total 24576K, used 16896K [0x00000000f5580000, 0x00000000f7300000, 0x0000000100000000)
  eden space 16896K, 100% used [0x00000000f5580000,0x00000000f6600000,0x00000000f6600000)
  from space 7680K, 0% used [0x00000000f6600000,0x00000000f6600000,0x00000000f6d80000)
  to   space 5120K, 0% used [0x00000000f6e00000,0x00000000f6e00000,0x00000000f7300000)
 ParOldGen       total 349696K, used 349695K [0x00000000e0000000, 0x00000000f5580000, 0x00000000f5580000)
  object space 349696K, 99% used [0x00000000e0000000,0x00000000f557ffc8,0x00000000f5580000)
 Metaspace       used 53261K, committed 54016K, reserved 1097728K
  class space    used 5367K, committed 5696K, reserved 1048576K
}
Event: 1275.870 GC heap before
{Heap before GC invocations=1055 (full 928):
 PSYoungGen      total 24576K, used 16896K [0x00000000f5580000, 0x00000000f7300000, 0x0000000100000000)
  eden space 16896K, 100% used [0x00000000f5580000,0x00000000f6600000,0x00000000f6600000)
  from space 7680K, 0% used [0x00000000f6600000,0x00000000f6600000,0x00000000f6d80000)
  to   space 5120K, 0% used [0x00000000f6e00000,0x00000000f6e00000,0x00000000f7300000)
 ParOldGen       total 349696K, used 349695K [0x00000000e0000000, 0x00000000f5580000, 0x00000000f5580000)
  object space 349696K, 99% used [0x00000000e0000000,0x00000000f557ffe8,0x00000000f5580000)
 Metaspace       used 53261K, committed 54016K, reserved 1097728K
  class space    used 5367K, committed 5696K, reserved 1048576K
}
Event: 1277.169 GC heap after
{Heap after GC invocations=1055 (full 928):
 PSYoungGen      total 22016K, used 16896K [0x00000000f5580000, 0x00000000f7300000, 0x0000000100000000)
  eden space 16896K, 100% used [0x00000000f5580000,0x00000000f6600000,0x00000000f6600000)
  from space 5120K, 0% used [0x00000000f6e00000,0x00000000f6e00000,0x00000000f7300000)
  to   space 7680K, 0% used [0x00000000f6600000,0x00000000f6600000,0x00000000f6d80000)
 ParOldGen       total 349696K, used 349695K [0x00000000e0000000, 0x00000000f5580000, 0x00000000f5580000)
  object space 349696K, 99% used [0x00000000e0000000,0x00000000f557ffe8,0x00000000f5580000)
 Metaspace       used 53261K, committed 54016K, reserved 1097728K
  class space    used 5367K, committed 5696K, reserved 1048576K
}
Event: 1277.169 GC heap before
{Heap before GC invocations=1056 (full 929):
 PSYoungGen      total 22016K, used 16896K [0x00000000f5580000, 0x00000000f7300000, 0x0000000100000000)
  eden space 16896K, 100% used [0x00000000f5580000,0x00000000f6600000,0x00000000f6600000)
  from space 5120K, 0% used [0x00000000f6e00000,0x00000000f6e00000,0x00000000f7300000)
  to   space 7680K, 0% used [0x00000000f6600000,0x00000000f6600000,0x00000000f6d80000)
 ParOldGen       total 349696K, used 349695K [0x00000000e0000000, 0x00000000f5580000, 0x00000000f5580000)
  object space 349696K, 99% used [0x00000000e0000000,0x00000000f557ffe8,0x00000000f5580000)
 Metaspace       used 53261K, committed 54016K, reserved 1097728K
  class space    used 5367K, committed 5696K, reserved 1048576K
}
Event: 1278.359 GC heap after
{Heap after GC invocations=1056 (full 929):
 PSYoungGen      total 24576K, used 16896K [0x00000000f5580000, 0x00000000f7300000, 0x0000000100000000)
  eden space 16896K, 100% used [0x00000000f5580000,0x00000000f6600000,0x00000000f6600000)
  from space 7680K, 0% used [0x00000000f6600000,0x00000000f6600000,0x00000000f6d80000)
  to   space 5120K, 0% used [0x00000000f6e00000,0x00000000f6e00000,0x00000000f7300000)
 ParOldGen       total 349696K, used 349695K [0x00000000e0000000, 0x00000000f5580000, 0x00000000f5580000)
  object space 349696K, 99% used [0x00000000e0000000,0x00000000f557ffe8,0x00000000f5580000)
 Metaspace       used 53261K, committed 54016K, reserved 1097728K
  class space    used 5367K, committed 5696K, reserved 1048576K
}
Event: 1278.373 GC heap before
{Heap before GC invocations=1057 (full 930):
 PSYoungGen      total 24576K, used 16896K [0x00000000f5580000, 0x00000000f7300000, 0x0000000100000000)
  eden space 16896K, 100% used [0x00000000f5580000,0x00000000f6600000,0x00000000f6600000)
  from space 7680K, 0% used [0x00000000f6600000,0x00000000f6600000,0x00000000f6d80000)
  to   space 5120K, 0% used [0x00000000f6e00000,0x00000000f6e00000,0x00000000f7300000)
 ParOldGen       total 349696K, used 349696K [0x00000000e0000000, 0x00000000f5580000, 0x00000000f5580000)
  object space 349696K, 100% used [0x00000000e0000000,0x00000000f5580000,0x00000000f5580000)
 Metaspace       used 53261K, committed 54016K, reserved 1097728K
  class space    used 5367K, committed 5696K, reserved 1048576K
}
Event: 1279.780 GC heap after
{Heap after GC invocations=1057 (full 930):
 PSYoungGen      total 22016K, used 16896K [0x00000000f5580000, 0x00000000f7300000, 0x0000000100000000)
  eden space 16896K, 100% used [0x00000000f5580000,0x00000000f6600000,0x00000000f6600000)
  from space 5120K, 0% used [0x00000000f6e00000,0x00000000f6e00000,0x00000000f7300000)
  to   space 7680K, 0% used [0x00000000f6600000,0x00000000f6600000,0x00000000f6d80000)
 ParOldGen       total 349696K, used 349696K [0x00000000e0000000, 0x00000000f5580000, 0x00000000f5580000)
  object space 349696K, 100% used [0x00000000e0000000,0x00000000f5580000,0x00000000f5580000)
 Metaspace       used 53261K, committed 54016K, reserved 1097728K
  class space    used 5367K, committed 5696K, reserved 1048576K
}
Event: 1279.780 GC heap before
{Heap before GC invocations=1058 (full 931):
 PSYoungGen      total 22016K, used 16896K [0x00000000f5580000, 0x00000000f7300000, 0x0000000100000000)
  eden space 16896K, 100% used [0x00000000f5580000,0x00000000f6600000,0x00000000f6600000)
  from space 5120K, 0% used [0x00000000f6e00000,0x00000000f6e00000,0x00000000f7300000)
  to   space 7680K, 0% used [0x00000000f6600000,0x00000000f6600000,0x00000000f6d80000)
 ParOldGen       total 349696K, used 349696K [0x00000000e0000000, 0x00000000f5580000, 0x00000000f5580000)
  object space 349696K, 100% used [0x00000000e0000000,0x00000000f5580000,0x00000000f5580000)
 Metaspace       used 53261K, committed 54016K, reserved 1097728K
  class space    used 5367K, committed 5696K, reserved 1048576K
}
Event: 1281.053 GC heap after
{Heap after GC invocations=1058 (full 931):
 PSYoungGen      total 24576K, used 16896K [0x00000000f5580000, 0x00000000f7300000, 0x0000000100000000)
  eden space 16896K, 100% used [0x00000000f5580000,0x00000000f6600000,0x00000000f6600000)
  from space 7680K, 0% used [0x00000000f6600000,0x00000000f6600000,0x00000000f6d80000)
  to   space 5120K, 0% used [0x00000000f6e00000,0x00000000f6e00000,0x00000000f7300000)
 ParOldGen       total 349696K, used 349696K [0x00000000e0000000, 0x00000000f5580000, 0x00000000f5580000)
  object space 349696K, 100% used [0x00000000e0000000,0x00000000f5580000,0x00000000f5580000)
 Metaspace       used 53261K, committed 54016K, reserved 1097728K
  class space    used 5367K, committed 5696K, reserved 1048576K
}

