# JRE version: OpenJDK Runtime Environment GraalVM CE 22.3.0 (17.0.5+8) (build 17.0.5+8-jvmci-22.3-b08)
# Java VM: OpenJDK 64-Bit Server VM GraalVM CE 22.3.0 (17.0.5+8-jvmci-22.3-b08, mixed mode, sharing, tiered, jvmci, jvmci compiler, compressed oops, compressed class ptrs, parallel gc, linux-amd64)
GC Precious Log:
 CPUs: 8 total, 1 available
 Memory: 1024M
 Large Page Support: Disabled
 NUMA Support: Disabled
 Compressed Oops: Enabled (32-bit)
 Alignments: Space 512K, Generation 512K, Heap 2M
 Heap Min Capacity: 100M
 Heap Initial Capacity: 100M
 Heap Max Capacity: 512M
 Pre-touch: Disabled
 Parallel Workers: 1
Heap:
 PSYoungGen      total 59904K, used 44032K [0x00000000f5580000, 0x00000000fa380000, 0x0000000100000000)
  eden space 44032K, 100% used [0x00000000f5580000,0x00000000f8080000,0x00000000f8080000)
  from space 15872K, 0% used [0x00000000f8080000,0x00000000f8080000,0x00000000f9000000)
  to   space 13824K, 0% used [0x00000000f9600000,0x00000000f9600000,0x00000000fa380000)
 ParOldGen       total 349696K, used 349695K [0x00000000e0000000, 0x00000000f5580000, 0x00000000f5580000)
  object space 349696K, 99% used [0x00000000e0000000,0x00000000f557fe28,0x00000000f5580000)
 Metaspace       used 53421K, committed 54336K, reserved 1105920K
  class space    used 5399K, committed 5760K, reserved 1048576K
GC Heap History (20 events):
Event: 1238.207 GC heap before
{Heap before GC invocations=953 (full 827):
 PSYoungGen      total 59904K, used 44032K [0x00000000f5580000, 0x00000000fa380000, 0x0000000100000000)
  eden space 44032K, 100% used [0x00000000f5580000,0x00000000f8080000,0x00000000f8080000)
  from space 15872K, 0% used [0x00000000f8080000,0x00000000f8080000,0x00000000f9000000)
  to   space 13824K, 0% used [0x00000000f9600000,0x00000000f9600000,0x00000000fa380000)
 ParOldGen       total 349696K, used 349694K [0x00000000e0000000, 0x00000000f5580000, 0x00000000f5580000)
  object space 349696K, 99% used [0x00000000e0000000,0x00000000f557f8a0,0x00000000f5580000)
 Metaspace       used 53420K, committed 54336K, reserved 1105920K
  class space    used 5399K, committed 5760K, reserved 1048576K
}
Event: 1239.933 GC heap after
{Heap after GC invocations=953 (full 827):
 PSYoungGen      total 57856K, used 44032K [0x00000000f5580000, 0x00000000fa380000, 0x0000000100000000)
  eden space 44032K, 100% used [0x00000000f5580000,0x00000000f8080000,0x00000000f8080000)
  from space 13824K, 0% used [0x00000000f9600000,0x00000000f9600000,0x00000000fa380000)
  to   space 15872K, 0% used [0x00000000f8080000,0x00000000f8080000,0x00000000f9000000)
 ParOldGen       total 349696K, used 349694K [0x00000000e0000000, 0x00000000f5580000, 0x00000000f5580000)
  object space 349696K, 99% used [0x00000000e0000000,0x00000000f557f8a0,0x00000000f5580000)
 Metaspace       used 53420K, committed 54336K, reserved 1105920K
  class space    used 5399K, committed 5760K, reserved 1048576K
}
Event: 1239.938 GC heap before
{Heap before GC invocations=954 (full 828):
 PSYoungGen      total 57856K, used 44032K [0x00000000f5580000, 0x00000000fa380000, 0x0000000100000000)
  eden space 44032K, 100% used [0x00000000f5580000,0x00000000f8080000,0x00000000f8080000)
  from space 13824K, 0% used [0x00000000f9600000,0x00000000f9600000,0x00000000fa380000)
  to   space 15872K, 0% used [0x00000000f8080000,0x00000000f8080000,0x00000000f9000000)
 ParOldGen       total 349696K, used 349695K [0x00000000e0000000, 0x00000000f5580000, 0x00000000f5580000)
  object space 349696K, 99% used [0x00000000e0000000,0x00000000f557fff8,0x00000000f5580000)
 Metaspace       used 53421K, committed 54336K, reserved 1105920K
  class space    used 5399K, committed 5760K, reserved 1048576K
}
Event: 1241.670 GC heap after
{Heap after GC invocations=954 (full 828):
 PSYoungGen      total 59904K, used 44031K [0x00000000f5580000, 0x00000000fa380000, 0x0000000100000000)
  eden space 44032K, 99% used [0x00000000f5580000,0x00000000f807fe18,0x00000000f8080000)
  from space 15872K, 0% used [0x00000000f8080000,0x00000000f8080000,0x00000000f9000000)
  to   space 13824K, 0% used [0x00000000f9600000,0x00000000f9600000,0x00000000fa380000)
 ParOldGen       total 349696K, used 349693K [0x00000000e0000000, 0x00000000f5580000, 0x00000000f5580000)
  object space 349696K, 99% used [0x00000000e0000000,0x00000000f557f7d0,0x00000000f5580000)
 Metaspace       used 53421K, committed 54336K, reserved 1105920K
  class space    used 5399K, committed 5760K, reserved 1048576K
}
Event: 1241.671 GC heap before
{Heap before GC invocations=955 (full 829):
 PSYoungGen      total 59904K, used 44031K [0x00000000f5580000, 0x00000000fa380000, 0x0000000100000000)
  eden space 44032K, 99% used [0x00000000f5580000,0x00000000f807fff0,0x00000000f8080000)
  from space 15872K, 0% used [0x00000000f8080000,0x00000000f8080000,0x00000000f9000000)
  to   space 13824K, 0% used [0x00000000f9600000,0x00000000f9600000,0x00000000fa380000)
 ParOldGen       total 349696K, used 349693K [0x00000000e0000000, 0x00000000f5580000, 0x00000000f5580000)
  object space 349696K, 99% used [0x00000000e0000000,0x00000000f557f7d0,0x00000000f5580000)
 Metaspace       used 53421K, committed 54336K, reserved 1105920K
  class space    used 5399K, committed 5760K, reserved 1048576K
}
Event: 1243.569 GC heap after
{Heap after GC invocations=955 (full 829):
 PSYoungGen      total 57856K, used 44031K [0x00000000f5580000, 0x00000000fa380000, 0x0000000100000000)
  eden space 44032K, 99% used [0x00000000f5580000,0x00000000f807fe18,0x00000000f8080000)
  from space 13824K, 0% used [0x00000000f9600000,0x00000000f9600000,0x00000000fa380000)
  to   space 15872K, 0% used [0x00000000f8080000,0x00000000f8080000,0x00000000f9000000)
 ParOldGen       total 349696K, used 349693K [0x00000000e0000000, 0x00000000f5580000, 0x00000000f5580000)
  object space 349696K, 99% used [0x00000000e0000000,0x00000000f557f7d0,0x00000000f5580000)
 Metaspace       used 53421K, committed 54336K, reserved 1105920K
  class space    used 5399K, committed 5760K, reserved 1048576K
}
Event: 1243.571 GC heap before
{Heap before GC invocations=956 (full 830):
 PSYoungGen      total 57856K, used 44031K [0x00000000f5580000, 0x00000000fa380000, 0x0000000100000000)
  eden space 44032K, 99% used [0x00000000f5580000,0x00000000f807fff0,0x00000000f8080000)
  from space 13824K, 0% used [0x00000000f9600000,0x00000000f9600000,0x00000000fa380000)
  to   space 15872K, 0% used [0x00000000f8080000,0x00000000f8080000,0x00000000f9000000)
 ParOldGen       total 349696K, used 349693K [0x00000000e0000000, 0x00000000f5580000, 0x00000000f5580000)
  object space 349696K, 99% used [0x00000000e0000000,0x00000000f557f7d0,0x00000000f5580000)
 Metaspace       used 53421K, committed 54336K, reserved 1105920K
  class space    used 5399K, committed 5760K, reserved 1048576K
}
Event: 1245.265 GC heap after
{Heap after GC invocations=956 (full 830):
 PSYoungGen      total 59904K, used 44031K [0x00000000f5580000, 0x00000000fa380000, 0x0000000100000000)
  eden space 44032K, 99% used [0x00000000f5580000,0x00000000f807fe18,0x00000000f8080000)
  from space 15872K, 0% used [0x00000000f8080000,0x00000000f8080000,0x00000000f9000000)
  to   space 13824K, 0% used [0x00000000f9600000,0x00000000f9600000,0x00000000fa380000)
 ParOldGen       total 349696K, used 349693K [0x00000000e0000000, 0x00000000f5580000, 0x00000000f5580000)
  object space 349696K, 99% used [0x00000000e0000000,0x00000000f557f7d0,0x00000000f5580000)
 Metaspace       used 53421K, committed 54336K, reserved 1105920K
  class space    used 5399K, committed 5760K, reserved 1048576K
}
Event: 1245.266 GC heap before
{Heap before GC invocations=957 (full 831):
 PSYoungGen      total 59904K, used 44031K [0x00000000f5580000, 0x00000000fa380000, 0x0000000100000000)
  eden space 44032K, 99% used [0x00000000f5580000,0x00000000f807ffe8,0x00000000f8080000)
  from space 15872K, 0% used [0x00000000f8080000,0x00000000f8080000,0x00000000f9000000)
  to   space 13824K, 0% used [0x00000000f9600000,0x00000000f9600000,0x00000000fa380000)
 ParOldGen       total 349696K, used 349693K [0x00000000e0000000, 0x00000000f5580000, 0x00000000f5580000)
  object space 349696K, 99% used [0x00000000e0000000,0x00000000f557f7d0,0x00000000f5580000)
 Metaspace       used 53421K, committed 54336K, reserved 1105920K
  class space    used 5399K, committed 5760K, reserved 1048576K
}
Event: 1247.107 GC heap after
{Heap after GC invocations=957 (full 831):
 PSYoungGen      total 57856K, used 44031K [0x00000000f5580000, 0x00000000fa380000, 0x0000000100000000)
  eden space 44032K, 99% used [0x00000000f5580000,0x00000000f807ffc8,0x00000000f8080000)
  from space 13824K, 0% used [0x00000000f9600000,0x00000000f9600000,0x00000000fa380000)
  to   space 15872K, 0% used [0x00000000f8080000,0x00000000f8080000,0x00000000f9000000)
 ParOldGen       total 349696K, used 349693K [0x00000000e0000000, 0x00000000f5580000, 0x00000000f5580000)
  object space 349696K, 99% used [0x00000000e0000000,0x00000000f557f7d0,0x00000000f5580000)
 Metaspace       used 53421K, committed 54336K, reserved 1105920K
  class space    used 5399K, committed 5760K, reserved 1048576K
}
Event: 1247.108 GC heap before
{Heap before GC invocations=958 (full 832):
 PSYoungGen      total 57856K, used 44031K [0x00000000f5580000, 0x00000000fa380000, 0x0000000100000000)
  eden space 44032K, 99% used [0x00000000f5580000,0x00000000f807fff0,0x00000000f8080000)
  from space 13824K, 0% used [0x00000000f9600000,0x00000000f9600000,0x00000000fa380000)
  to   space 15872K, 0% used [0x00000000f8080000,0x00000000f8080000,0x00000000f9000000)
 ParOldGen       total 349696K, used 349693K [0x00000000e0000000, 0x00000000f5580000, 0x00000000f5580000)
  object space 349696K, 99% used [0x00000000e0000000,0x00000000f557f7d0,0x00000000f5580000)
 Metaspace       used 53421K, committed 54336K, reserved 1105920K
  class space    used 5399K, committed 5760K, reserved 1048576K
}
Event: 1248.882 GC heap after
{Heap after GC invocations=958 (full 832):
 PSYoungGen      total 59904K, used 44031K [0x00000000f5580000, 0x00000000fa380000, 0x0000000100000000)
  eden space 44032K, 99% used [0x00000000f5580000,0x00000000f807fe18,0x00000000f8080000)
  from space 15872K, 0% used [0x00000000f8080000,0x00000000f8080000,0x00000000f9000000)
  to   space 13824K, 0% used [0x00000000f9600000,0x00000000f9600000,0x00000000fa380000)
 ParOldGen       total 349696K, used 349693K [0x00000000e0000000, 0x00000000f5580000, 0x00000000f5580000)
  object space 349696K, 99% used [0x00000000e0000000,0x00000000f557f7d0,0x00000000f5580000)
 Metaspace       used 53421K, committed 54336K, reserved 1105920K
  class space    used 5399K, committed 5760K, reserved 1048576K
}
Event: 1248.883 GC heap before
{Heap before GC invocations=959 (full 833):
 PSYoungGen      total 59904K, used 44031K [0x00000000f5580000, 0x00000000fa380000, 0x0000000100000000)
  eden space 44032K, 99% used [0x00000000f5580000,0x00000000f807fff0,0x00000000f8080000)
  from space 15872K, 0% used [0x00000000f8080000,0x00000000f8080000,0x00000000f9000000)
  to   space 13824K, 0% used [0x00000000f9600000,0x00000000f9600000,0x00000000fa380000)
 ParOldGen       total 349696K, used 349693K [0x00000000e0000000, 0x00000000f5580000, 0x00000000f5580000)
  object space 349696K, 99% used [0x00000000e0000000,0x00000000f557f7d0,0x00000000f5580000)
 Metaspace       used 53421K, committed 54336K, reserved 1105920K
  class space    used 5399K, committed 5760K, reserved 1048576K
}
Event: 1250.374 GC heap after
{Heap after GC invocations=959 (full 833):
 PSYoungGen      total 57856K, used 44031K [0x00000000f5580000, 0x00000000fa380000, 0x0000000100000000)
  eden space 44032K, 99% used [0x00000000f5580000,0x00000000f807fff0,0x00000000f8080000)
  from space 13824K, 0% used [0x00000000f9600000,0x00000000f9600000,0x00000000fa380000)
  to   space 15872K, 0% used [0x00000000f8080000,0x00000000f8080000,0x00000000f9000000)
 ParOldGen       total 349696K, used 349693K [0x00000000e0000000, 0x00000000f5580000, 0x00000000f5580000)
  object space 349696K, 99% used [0x00000000e0000000,0x00000000f557f7d0,0x00000000f5580000)
 Metaspace       used 53421K, committed 54336K, reserved 1105920K
  class space    used 5399K, committed 5760K, reserved 1048576K
}
Event: 1250.376 GC heap before
{Heap before GC invocations=960 (full 834):
 PSYoungGen      total 57856K, used 44032K [0x00000000f5580000, 0x00000000fa380000, 0x0000000100000000)
  eden space 44032K, 100% used [0x00000000f5580000,0x00000000f8080000,0x00000000f8080000)
  from space 13824K, 0% used [0x00000000f9600000,0x00000000f9600000,0x00000000fa380000)
  to   space 15872K, 0% used [0x00000000f8080000,0x00000000f8080000,0x00000000f9000000)
 ParOldGen       total 349696K, used 349695K [0x00000000e0000000, 0x00000000f5580000, 0x00000000f5580000)
  object space 349696K, 99% used [0x00000000e0000000,0x00000000f557fce0,0x00000000f5580000)
 Metaspace       used 53421K, committed 54336K, reserved 1105920K
  class space    used 5399K, committed 5760K, reserved 1048576K
}
Event: 1252.068 GC heap after
{Heap after GC invocations=960 (full 834):
 PSYoungGen      total 59904K, used 44031K [0x00000000f5580000, 0x00000000fa380000, 0x0000000100000000)
  eden space 44032K, 99% used [0x00000000f5580000,0x00000000f807fd88,0x00000000f8080000)
  from space 15872K, 0% used [0x00000000f8080000,0x00000000f8080000,0x00000000f9000000)
  to   space 13824K, 0% used [0x00000000f9600000,0x00000000f9600000,0x00000000fa380000)
 ParOldGen       total 349696K, used 349693K [0x00000000e0000000, 0x00000000f5580000, 0x00000000f5580000)
  object space 349696K, 99% used [0x00000000e0000000,0x00000000f557f6a0,0x00000000f5580000)
 Metaspace       used 53421K, committed 54336K, reserved 1105920K
  class space    used 5399K, committed 5760K, reserved 1048576K
}
Event: 1252.068 GC heap before
{Heap before GC invocations=961 (full 835):
 PSYoungGen      total 59904K, used 44031K [0x00000000f5580000, 0x00000000fa380000, 0x0000000100000000)
  eden space 44032K, 99% used [0x00000000f5580000,0x00000000f807fdc0,0x00000000f8080000)
  from space 15872K, 0% used [0x00000000f8080000,0x00000000f8080000,0x00000000f9000000)
  to   space 13824K, 0% used [0x00000000f9600000,0x00000000f9600000,0x00000000fa380000)
 ParOldGen       total 349696K, used 349693K [0x00000000e0000000, 0x00000000f5580000, 0x00000000f5580000)
  object space 349696K, 99% used [0x00000000e0000000,0x00000000f557f6a0,0x00000000f5580000)
 Metaspace       used 53421K, committed 54336K, reserved 1105920K
  class space    used 5399K, committed 5760K, reserved 1048576K
}
Event: 1253.487 GC heap after
{Heap after GC invocations=961 (full 835):
 PSYoungGen      total 57856K, used 44031K [0x00000000f5580000, 0x00000000fa380000, 0x0000000100000000)
  eden space 44032K, 99% used [0x00000000f5580000,0x00000000f807fda0,0x00000000f8080000)
  from space 13824K, 0% used [0x00000000f9600000,0x00000000f9600000,0x00000000fa380000)
  to   space 15872K, 0% used [0x00000000f8080000,0x00000000f8080000,0x00000000f9000000)
 ParOldGen       total 349696K, used 349693K [0x00000000e0000000, 0x00000000f5580000, 0x00000000f5580000)
  object space 349696K, 99% used [0x00000000e0000000,0x00000000f557f6a0,0x00000000f5580000)
 Metaspace       used 53421K, committed 54336K, reserved 1105920K
  class space    used 5399K, committed 5760K, reserved 1048576K
}
Event: 1253.487 GC heap before
{Heap before GC invocations=962 (full 836):
 PSYoungGen      total 57856K, used 44031K [0x00000000f5580000, 0x00000000fa380000, 0x0000000100000000)
  eden space 44032K, 99% used [0x00000000f5580000,0x00000000f807fda0,0x00000000f8080000)
  from space 13824K, 0% used [0x00000000f9600000,0x00000000f9600000,0x00000000fa380000)
  to   space 15872K, 0% used [0x00000000f8080000,0x00000000f8080000,0x00000000f9000000)
 ParOldGen       total 349696K, used 349693K [0x00000000e0000000, 0x00000000f5580000, 0x00000000f5580000)
  object space 349696K, 99% used [0x00000000e0000000,0x00000000f557f6a0,0x00000000f5580000)
 Metaspace       used 53421K, committed 54336K, reserved 1105920K
  class space    used 5399K, committed 5760K, reserved 1048576K
}
Event: 1255.186 GC heap after
{Heap after GC invocations=962 (full 836):
 PSYoungGen      total 59904K, used 44031K [0x00000000f5580000, 0x00000000fa380000, 0x0000000100000000)
  eden space 44032K, 99% used [0x00000000f5580000,0x00000000f807fda0,0x00000000f8080000)
  from space 15872K, 0% used [0x00000000f8080000,0x00000000f8080000,0x00000000f9000000)
  to   space 13824K, 0% used [0x00000000f9600000,0x00000000f9600000,0x00000000fa380000)
 ParOldGen       total 349696K, used 349693K [0x00000000e0000000, 0x00000000f5580000, 0x00000000f5580000)
  object space 349696K, 99% used [0x00000000e0000000,0x00000000f557f6a0,0x00000000f5580000)
 Metaspace       used 53421K, committed 54336K, reserved 1105920K
  class space    used 5399K, committed 5760K, reserved 1048576K
}

