# JRE version: OpenJDK Runtime Environment GraalVM CE 22.3.0 (17.0.5+8) (build 17.0.5+8-jvmci-22.3-b08)
# Java VM: OpenJDK 64-Bit Server VM GraalVM CE 22.3.0 (17.0.5+8-jvmci-22.3-b08, mixed mode, sharing, tiered, jvmci, jvmci compiler, compressed oops, compressed class ptrs, parallel gc, linux-amd64)
GC Precious Log:
 CPUs: 8 total, 1 available
 Memory: 1024M
 Large Page Support: Disabled
 NUMA Support: Disabled
 Compressed Oops: Enabled (32-bit)
 Alignments: Space 512K, Generation 512K, Heap 2M
 Heap Min Capacity: 100M
 Heap Initial Capacity: 100M
 Heap Max Capacity: 512M
 Pre-touch: Disabled
 Parallel Workers: 1
Heap:
 PSYoungGen      total 41984K, used 24064K [0x00000000f5580000, 0x00000000f9300000, 0x0000000100000000)
  eden space 24064K, 100% used [0x00000000f5580000,0x00000000f6d00000,0x00000000f6d00000)
  from space 17920K, 0% used [0x00000000f8180000,0x00000000f8180000,0x00000000f9300000)
  to   space 9216K, 0% used [0x00000000f6d00000,0x00000000f6d00000,0x00000000f7600000)
 ParOldGen       total 349696K, used 349696K [0x00000000e0000000, 0x00000000f5580000, 0x00000000f5580000)
  object space 349696K, 100% used [0x00000000e0000000,0x00000000f5580000,0x00000000f5580000)
 Metaspace       used 58758K, committed 59712K, reserved 1105920K
  class space    used 5674K, committed 6080K, reserved 1048576K
GC Heap History (20 events):
Event: 595.244 GC heap before
{Heap before GC invocations=471 (full 339):
 PSYoungGen      total 41984K, used 24064K [0x00000000f5580000, 0x00000000f9300000, 0x0000000100000000)
  eden space 24064K, 100% used [0x00000000f5580000,0x00000000f6d00000,0x00000000f6d00000)
  from space 17920K, 0% used [0x00000000f8180000,0x00000000f8180000,0x00000000f9300000)
  to   space 9216K, 0% used [0x00000000f6d00000,0x00000000f6d00000,0x00000000f7600000)
 ParOldGen       total 349696K, used 349695K [0x00000000e0000000, 0x00000000f5580000, 0x00000000f5580000)
  object space 349696K, 99% used [0x00000000e0000000,0x00000000f557ff98,0x00000000f5580000)
 Metaspace       used 58758K, committed 59712K, reserved 1105920K
  class space    used 5674K, committed 6080K, reserved 1048576K
}
Event: 596.744 GC heap after
{Heap after GC invocations=471 (full 339):
 PSYoungGen      total 33280K, used 24063K [0x00000000f5580000, 0x00000000f9300000, 0x0000000100000000)
  eden space 24064K, 99% used [0x00000000f5580000,0x00000000f6cffff0,0x00000000f6d00000)
  from space 9216K, 0% used [0x00000000f6d00000,0x00000000f6d00000,0x00000000f7600000)
  to   space 17920K, 0% used [0x00000000f8180000,0x00000000f8180000,0x00000000f9300000)
 ParOldGen       total 349696K, used 349695K [0x00000000e0000000, 0x00000000f5580000, 0x00000000f5580000)
  object space 349696K, 99% used [0x00000000e0000000,0x00000000f557ff98,0x00000000f5580000)
 Metaspace       used 58758K, committed 59712K, reserved 1105920K
  class space    used 5674K, committed 6080K, reserved 1048576K
}
Event: 596.744 GC heap before
{Heap before GC invocations=472 (full 340):
 PSYoungGen      total 33280K, used 24063K [0x00000000f5580000, 0x00000000f9300000, 0x0000000100000000)
  eden space 24064K, 99% used [0x00000000f5580000,0x00000000f6cffff0,0x00000000f6d00000)
  from space 9216K, 0% used [0x00000000f6d00000,0x00000000f6d00000,0x00000000f7600000)
  to   space 17920K, 0% used [0x00000000f8180000,0x00000000f8180000,0x00000000f9300000)
 ParOldGen       total 349696K, used 349696K [0x00000000e0000000, 0x00000000f5580000, 0x00000000f5580000)
  object space 349696K, 100% used [0x00000000e0000000,0x00000000f5580000,0x00000000f5580000)
 Metaspace       used 58758K, committed 59712K, reserved 1105920K
  class space    used 5674K, committed 6080K, reserved 1048576K
}
Event: 598.321 GC heap after
{Heap after GC invocations=472 (full 340):
 PSYoungGen      total 41984K, used 24063K [0x00000000f5580000, 0x00000000f9300000, 0x0000000100000000)
  eden space 24064K, 99% used [0x00000000f5580000,0x00000000f6cffff0,0x00000000f6d00000)
  from space 17920K, 0% used [0x00000000f8180000,0x00000000f8180000,0x00000000f9300000)
  to   space 9216K, 0% used [0x00000000f6d00000,0x00000000f6d00000,0x00000000f7600000)
 ParOldGen       total 349696K, used 349696K [0x00000000e0000000, 0x00000000f5580000, 0x00000000f5580000)
  object space 349696K, 100% used [0x00000000e0000000,0x00000000f5580000,0x00000000f5580000)
 Metaspace       used 58758K, committed 59712K, reserved 1105920K
  class space    used 5674K, committed 6080K, reserved 1048576K
}
Event: 598.321 GC heap before
{Heap before GC invocations=473 (full 341):
 PSYoungGen      total 41984K, used 24063K [0x00000000f5580000, 0x00000000f9300000, 0x0000000100000000)
  eden space 24064K, 99% used [0x00000000f5580000,0x00000000f6cffff0,0x00000000f6d00000)
  from space 17920K, 0% used [0x00000000f8180000,0x00000000f8180000,0x00000000f9300000)
  to   space 9216K, 0% used [0x00000000f6d00000,0x00000000f6d00000,0x00000000f7600000)
 ParOldGen       total 349696K, used 349696K [0x00000000e0000000, 0x00000000f5580000, 0x00000000f5580000)
  object space 349696K, 100% used [0x00000000e0000000,0x00000000f5580000,0x00000000f5580000)
 Metaspace       used 58758K, committed 59712K, reserved 1105920K
  class space    used 5674K, committed 6080K, reserved 1048576K
}
Event: 599.919 GC heap after
{Heap after GC invocations=473 (full 341):
 PSYoungGen      total 33280K, used 24063K [0x00000000f5580000, 0x00000000f9300000, 0x0000000100000000)
  eden space 24064K, 99% used [0x00000000f5580000,0x00000000f6cffff0,0x00000000f6d00000)
  from space 9216K, 0% used [0x00000000f6d00000,0x00000000f6d00000,0x00000000f7600000)
  to   space 17920K, 0% used [0x00000000f8180000,0x00000000f8180000,0x00000000f9300000)
 ParOldGen       total 349696K, used 349696K [0x00000000e0000000, 0x00000000f5580000, 0x00000000f5580000)
  object space 349696K, 100% used [0x00000000e0000000,0x00000000f5580000,0x00000000f5580000)
 Metaspace       used 58758K, committed 59712K, reserved 1105920K
  class space    used 5674K, committed 6080K, reserved 1048576K
}
Event: 599.919 GC heap before
{Heap before GC invocations=474 (full 342):
 PSYoungGen      total 33280K, used 24063K [0x00000000f5580000, 0x00000000f9300000, 0x0000000100000000)
  eden space 24064K, 99% used [0x00000000f5580000,0x00000000f6cffff0,0x00000000f6d00000)
  from space 9216K, 0% used [0x00000000f6d00000,0x00000000f6d00000,0x00000000f7600000)
  to   space 17920K, 0% used [0x00000000f8180000,0x00000000f8180000,0x00000000f9300000)
 ParOldGen       total 349696K, used 349696K [0x00000000e0000000, 0x00000000f5580000, 0x00000000f5580000)
  object space 349696K, 100% used [0x00000000e0000000,0x00000000f5580000,0x00000000f5580000)
 Metaspace       used 58758K, committed 59712K, reserved 1105920K
  class space    used 5674K, committed 6080K, reserved 1048576K
}
Event: 601.457 GC heap after
{Heap after GC invocations=474 (full 342):
 PSYoungGen      total 41984K, used 24063K [0x00000000f5580000, 0x00000000f9300000, 0x0000000100000000)
  eden space 24064K, 99% used [0x00000000f5580000,0x00000000f6cffff0,0x00000000f6d00000)
  from space 17920K, 0% used [0x00000000f8180000,0x00000000f8180000,0x00000000f9300000)
  to   space 9216K, 0% used [0x00000000f6d00000,0x00000000f6d00000,0x00000000f7600000)
 ParOldGen       total 349696K, used 349696K [0x00000000e0000000, 0x00000000f5580000, 0x00000000f5580000)
  object space 349696K, 100% used [0x00000000e0000000,0x00000000f5580000,0x00000000f5580000)
 Metaspace       used 58758K, committed 59712K, reserved 1105920K
  class space    used 5674K, committed 6080K, reserved 1048576K
}
Event: 601.457 GC heap before
{Heap before GC invocations=475 (full 343):
 PSYoungGen      total 41984K, used 24063K [0x00000000f5580000, 0x00000000f9300000, 0x0000000100000000)
  eden space 24064K, 99% used [0x00000000f5580000,0x00000000f6cffff0,0x00000000f6d00000)
  from space 17920K, 0% used [0x00000000f8180000,0x00000000f8180000,0x00000000f9300000)
  to   space 9216K, 0% used [0x00000000f6d00000,0x00000000f6d00000,0x00000000f7600000)
 ParOldGen       total 349696K, used 349696K [0x00000000e0000000, 0x00000000f5580000, 0x00000000f5580000)
  object space 349696K, 100% used [0x00000000e0000000,0x00000000f5580000,0x00000000f5580000)
 Metaspace       used 58758K, committed 59712K, reserved 1105920K
  class space    used 5674K, committed 6080K, reserved 1048576K
}
Event: 603.076 GC heap after
{Heap after GC invocations=475 (full 343):
 PSYoungGen      total 33280K, used 24063K [0x00000000f5580000, 0x00000000f9300000, 0x0000000100000000)
  eden space 24064K, 99% used [0x00000000f5580000,0x00000000f6cffff0,0x00000000f6d00000)
  from space 9216K, 0% used [0x00000000f6d00000,0x00000000f6d00000,0x00000000f7600000)
  to   space 17920K, 0% used [0x00000000f8180000,0x00000000f8180000,0x00000000f9300000)
 ParOldGen       total 349696K, used 349696K [0x00000000e0000000, 0x00000000f5580000, 0x00000000f5580000)
  object space 349696K, 100% used [0x00000000e0000000,0x00000000f5580000,0x00000000f5580000)
 Metaspace       used 58758K, committed 59712K, reserved 1105920K
  class space    used 5674K, committed 6080K, reserved 1048576K
}
Event: 603.086 GC heap before
{Heap before GC invocations=476 (full 344):
 PSYoungGen      total 33280K, used 24063K [0x00000000f5580000, 0x00000000f9300000, 0x0000000100000000)
  eden space 24064K, 99% used [0x00000000f5580000,0x00000000f6cffff0,0x00000000f6d00000)
  from space 9216K, 0% used [0x00000000f6d00000,0x00000000f6d00000,0x00000000f7600000)
  to   space 17920K, 0% used [0x00000000f8180000,0x00000000f8180000,0x00000000f9300000)
 ParOldGen       total 349696K, used 349696K [0x00000000e0000000, 0x00000000f5580000, 0x00000000f5580000)
  object space 349696K, 100% used [0x00000000e0000000,0x00000000f5580000,0x00000000f5580000)
 Metaspace       used 58758K, committed 59712K, reserved 1105920K
  class space    used 5674K, committed 6080K, reserved 1048576K
}
Event: 604.828 GC heap after
{Heap after GC invocations=476 (full 344):
 PSYoungGen      total 41984K, used 24063K [0x00000000f5580000, 0x00000000f9300000, 0x0000000100000000)
  eden space 24064K, 99% used [0x00000000f5580000,0x00000000f6cfff98,0x00000000f6d00000)
  from space 17920K, 0% used [0x00000000f8180000,0x00000000f8180000,0x00000000f9300000)
  to   space 9216K, 0% used [0x00000000f6d00000,0x00000000f6d00000,0x00000000f7600000)
 ParOldGen       total 349696K, used 349696K [0x00000000e0000000, 0x00000000f5580000, 0x00000000f5580000)
  object space 349696K, 100% used [0x00000000e0000000,0x00000000f5580000,0x00000000f5580000)
 Metaspace       used 58758K, committed 59712K, reserved 1105920K
  class space    used 5674K, committed 6080K, reserved 1048576K
}
Event: 604.829 GC heap before
{Heap before GC invocations=477 (full 345):
 PSYoungGen      total 41984K, used 24063K [0x00000000f5580000, 0x00000000f9300000, 0x0000000100000000)
  eden space 24064K, 99% used [0x00000000f5580000,0x00000000f6cfffe8,0x00000000f6d00000)
  from space 17920K, 0% used [0x00000000f8180000,0x00000000f8180000,0x00000000f9300000)
  to   space 9216K, 0% used [0x00000000f6d00000,0x00000000f6d00000,0x00000000f7600000)
 ParOldGen       total 349696K, used 349696K [0x00000000e0000000, 0x00000000f5580000, 0x00000000f5580000)
  object space 349696K, 100% used [0x00000000e0000000,0x00000000f5580000,0x00000000f5580000)
 Metaspace       used 58758K, committed 59712K, reserved 1105920K
  class space    used 5674K, committed 6080K, reserved 1048576K
}
Event: 606.369 GC heap after
{Heap after GC invocations=477 (full 345):
 PSYoungGen      total 33280K, used 24063K [0x00000000f5580000, 0x00000000f9300000, 0x0000000100000000)
  eden space 24064K, 99% used [0x00000000f5580000,0x00000000f6cfffc8,0x00000000f6d00000)
  from space 9216K, 0% used [0x00000000f6d00000,0x00000000f6d00000,0x00000000f7600000)
  to   space 17920K, 0% used [0x00000000f8180000,0x00000000f8180000,0x00000000f9300000)
 ParOldGen       total 349696K, used 349696K [0x00000000e0000000, 0x00000000f5580000, 0x00000000f5580000)
  object space 349696K, 100% used [0x00000000e0000000,0x00000000f5580000,0x00000000f5580000)
 Metaspace       used 58758K, committed 59712K, reserved 1105920K
  class space    used 5674K, committed 6080K, reserved 1048576K
}
Event: 606.369 GC heap before
{Heap before GC invocations=478 (full 346):
 PSYoungGen      total 33280K, used 24063K [0x00000000f5580000, 0x00000000f9300000, 0x0000000100000000)
  eden space 24064K, 99% used [0x00000000f5580000,0x00000000f6cfffe8,0x00000000f6d00000)
  from space 9216K, 0% used [0x00000000f6d00000,0x00000000f6d00000,0x00000000f7600000)
  to   space 17920K, 0% used [0x00000000f8180000,0x00000000f8180000,0x00000000f9300000)
 ParOldGen       total 349696K, used 349696K [0x00000000e0000000, 0x00000000f5580000, 0x00000000f5580000)
  object space 349696K, 100% used [0x00000000e0000000,0x00000000f5580000,0x00000000f5580000)
 Metaspace       used 58758K, committed 59712K, reserved 1105920K
  class space    used 5674K, committed 6080K, reserved 1048576K
}
Event: 607.953 GC heap after
{Heap after GC invocations=478 (full 346):
 PSYoungGen      total 41984K, used 24063K [0x00000000f5580000, 0x00000000f9300000, 0x0000000100000000)
  eden space 24064K, 99% used [0x00000000f5580000,0x00000000f6cfffc8,0x00000000f6d00000)
  from space 17920K, 0% used [0x00000000f8180000,0x00000000f8180000,0x00000000f9300000)
  to   space 9216K, 0% used [0x00000000f6d00000,0x00000000f6d00000,0x00000000f7600000)
 ParOldGen       total 349696K, used 349696K [0x00000000e0000000, 0x00000000f5580000, 0x00000000f5580000)
  object space 349696K, 100% used [0x00000000e0000000,0x00000000f5580000,0x00000000f5580000)
 Metaspace       used 58758K, committed 59712K, reserved 1105920K
  class space    used 5674K, committed 6080K, reserved 1048576K
}
Event: 607.955 GC heap before
{Heap before GC invocations=479 (full 347):
 PSYoungGen      total 41984K, used 24063K [0x00000000f5580000, 0x00000000f9300000, 0x0000000100000000)
  eden space 24064K, 99% used [0x00000000f5580000,0x00000000f6cffff8,0x00000000f6d00000)
  from space 17920K, 0% used [0x00000000f8180000,0x00000000f8180000,0x00000000f9300000)
  to   space 9216K, 0% used [0x00000000f6d00000,0x00000000f6d00000,0x00000000f7600000)
 ParOldGen       total 349696K, used 349696K [0x00000000e0000000, 0x00000000f5580000, 0x00000000f5580000)
  object space 349696K, 100% used [0x00000000e0000000,0x00000000f5580000,0x00000000f5580000)
 Metaspace       used 58758K, committed 59712K, reserved 1105920K
  class space    used 5674K, committed 6080K, reserved 1048576K
}
Event: 609.549 GC heap after
{Heap after GC invocations=479 (full 347):
 PSYoungGen      total 33280K, used 24063K [0x00000000f5580000, 0x00000000f9300000, 0x0000000100000000)
  eden space 24064K, 99% used [0x00000000f5580000,0x00000000f6cfffe8,0x00000000f6d00000)
  from space 9216K, 0% used [0x00000000f6d00000,0x00000000f6d00000,0x00000000f7600000)
  to   space 17920K, 0% used [0x00000000f8180000,0x00000000f8180000,0x00000000f9300000)
 ParOldGen       total 349696K, used 349696K [0x00000000e0000000, 0x00000000f5580000, 0x00000000f5580000)
  object space 349696K, 100% used [0x00000000e0000000,0x00000000f5580000,0x00000000f5580000)
 Metaspace       used 58758K, committed 59712K, reserved 1105920K
  class space    used 5674K, committed 6080K, reserved 1048576K
}
Event: 609.549 GC heap before
{Heap before GC invocations=480 (full 348):
 PSYoungGen      total 33280K, used 24063K [0x00000000f5580000, 0x00000000f9300000, 0x0000000100000000)
  eden space 24064K, 99% used [0x00000000f5580000,0x00000000f6cfffe8,0x00000000f6d00000)
  from space 9216K, 0% used [0x00000000f6d00000,0x00000000f6d00000,0x00000000f7600000)
  to   space 17920K, 0% used [0x00000000f8180000,0x00000000f8180000,0x00000000f9300000)
 ParOldGen       total 349696K, used 349696K [0x00000000e0000000, 0x00000000f5580000, 0x00000000f5580000)
  object space 349696K, 100% used [0x00000000e0000000,0x00000000f5580000,0x00000000f5580000)
 Metaspace       used 58758K, committed 59712K, reserved 1105920K
  class space    used 5674K, committed 6080K, reserved 1048576K
}
Event: 611.169 GC heap after
{Heap after GC invocations=480 (full 348):
 PSYoungGen      total 41984K, used 24063K [0x00000000f5580000, 0x00000000f9300000, 0x0000000100000000)
  eden space 24064K, 99% used [0x00000000f5580000,0x00000000f6cfffe8,0x00000000f6d00000)
  from space 17920K, 0% used [0x00000000f8180000,0x00000000f8180000,0x00000000f9300000)
  to   space 9216K, 0% used [0x00000000f6d00000,0x00000000f6d00000,0x00000000f7600000)
 ParOldGen       total 349696K, used 349696K [0x00000000e0000000, 0x00000000f5580000, 0x00000000f5580000)
  object space 349696K, 100% used [0x00000000e0000000,0x00000000f5580000,0x00000000f5580000)
 Metaspace       used 58758K, committed 59712K, reserved 1105920K
  class space    used 5674K, committed 6080K, reserved 1048576K
}

