# JRE version: OpenJDK Runtime Environment GraalVM CE 22.3.0 (17.0.5+8) (build 17.0.5+8-jvmci-22.3-b08)
# Java VM: OpenJDK 64-Bit Server VM GraalVM CE 22.3.0 (17.0.5+8-jvmci-22.3-b08, mixed mode, sharing, tiered, jvmci, jvmci compiler, compressed oops, compressed class ptrs, parallel gc, linux-amd64)
GC Precious Log:
 CPUs: 8 total, 1 available
 Memory: 1024M
 Large Page Support: Disabled
 NUMA Support: Disabled
 Compressed Oops: Enabled (32-bit)
 Alignments: Space 512K, Generation 512K, Heap 2M
 Heap Min Capacity: 100M
 Heap Initial Capacity: 100M
 Heap Max Capacity: 512M
 Pre-touch: Disabled
 Parallel Workers: 1
Heap:
 PSYoungGen      total 56320K, used 32767K [0x00000000f5580000, 0x00000000fa880000, 0x0000000100000000)
  eden space 32768K, 99% used [0x00000000f5580000,0x00000000f757fff8,0x00000000f7580000)
  from space 23552K, 0% used [0x00000000f9180000,0x00000000f9180000,0x00000000fa880000)
  to   space 19456K, 0% used [0x00000000f7580000,0x00000000f7580000,0x00000000f8880000)
 ParOldGen       total 349696K, used 349695K [0x00000000e0000000, 0x00000000f5580000, 0x00000000f5580000)
  object space 349696K, 99% used [0x00000000e0000000,0x00000000f557ff88,0x00000000f5580000)
 Metaspace       used 52853K, committed 53696K, reserved 1097728K
  class space    used 5344K, committed 5696K, reserved 1048576K
GC Heap History (20 events):
Event: 811.102 GC heap before
{Heap before GC invocations=548 (full 447):
 PSYoungGen      total 56320K, used 32768K [0x00000000f5580000, 0x00000000fa880000, 0x0000000100000000)
  eden space 32768K, 100% used [0x00000000f5580000,0x00000000f7580000,0x00000000f7580000)
  from space 23552K, 0% used [0x00000000f9180000,0x00000000f9180000,0x00000000fa880000)
  to   space 19456K, 0% used [0x00000000f7580000,0x00000000f7580000,0x00000000f8880000)
 ParOldGen       total 349696K, used 349692K [0x00000000e0000000, 0x00000000f5580000, 0x00000000f5580000)
  object space 349696K, 99% used [0x00000000e0000000,0x00000000f557f2d8,0x00000000f5580000)
 Metaspace       used 52853K, committed 53696K, reserved 1097728K
  class space    used 5344K, committed 5696K, reserved 1048576K
}
Event: 812.592 GC heap after
{Heap after GC invocations=548 (full 447):
 PSYoungGen      total 52224K, used 32767K [0x00000000f5580000, 0x00000000fa880000, 0x0000000100000000)
  eden space 32768K, 99% used [0x00000000f5580000,0x00000000f757ffe0,0x00000000f7580000)
  from space 19456K, 0% used [0x00000000f7580000,0x00000000f7580000,0x00000000f8880000)
  to   space 23552K, 0% used [0x00000000f9180000,0x00000000f9180000,0x00000000fa880000)
 ParOldGen       total 349696K, used 349692K [0x00000000e0000000, 0x00000000f5580000, 0x00000000f5580000)
  object space 349696K, 99% used [0x00000000e0000000,0x00000000f557f2d8,0x00000000f5580000)
 Metaspace       used 52853K, committed 53696K, reserved 1097728K
  class space    used 5344K, committed 5696K, reserved 1048576K
}
Event: 812.593 GC heap before
{Heap before GC invocations=549 (full 448):
 PSYoungGen      total 52224K, used 32768K [0x00000000f5580000, 0x00000000fa880000, 0x0000000100000000)
  eden space 32768K, 100% used [0x00000000f5580000,0x00000000f7580000,0x00000000f7580000)
  from space 19456K, 0% used [0x00000000f7580000,0x00000000f7580000,0x00000000f8880000)
  to   space 23552K, 0% used [0x00000000f9180000,0x00000000f9180000,0x00000000fa880000)
 ParOldGen       total 349696K, used 349692K [0x00000000e0000000, 0x00000000f5580000, 0x00000000f5580000)
  object space 349696K, 99% used [0x00000000e0000000,0x00000000f557f2d8,0x00000000f5580000)
 Metaspace       used 52853K, committed 53696K, reserved 1097728K
  class space    used 5344K, committed 5696K, reserved 1048576K
}
Event: 814.168 GC heap after
{Heap after GC invocations=549 (full 448):
 PSYoungGen      total 56320K, used 32767K [0x00000000f5580000, 0x00000000fa880000, 0x0000000100000000)
  eden space 32768K, 99% used [0x00000000f5580000,0x00000000f757ffe0,0x00000000f7580000)
  from space 23552K, 0% used [0x00000000f9180000,0x00000000f9180000,0x00000000fa880000)
  to   space 19456K, 0% used [0x00000000f7580000,0x00000000f7580000,0x00000000f8880000)
 ParOldGen       total 349696K, used 349692K [0x00000000e0000000, 0x00000000f5580000, 0x00000000f5580000)
  object space 349696K, 99% used [0x00000000e0000000,0x00000000f557f2d8,0x00000000f5580000)
 Metaspace       used 52853K, committed 53696K, reserved 1097728K
  class space    used 5344K, committed 5696K, reserved 1048576K
}
Event: 814.168 GC heap before
{Heap before GC invocations=550 (full 449):
 PSYoungGen      total 56320K, used 32768K [0x00000000f5580000, 0x00000000fa880000, 0x0000000100000000)
  eden space 32768K, 100% used [0x00000000f5580000,0x00000000f7580000,0x00000000f7580000)
  from space 23552K, 0% used [0x00000000f9180000,0x00000000f9180000,0x00000000fa880000)
  to   space 19456K, 0% used [0x00000000f7580000,0x00000000f7580000,0x00000000f8880000)
 ParOldGen       total 349696K, used 349692K [0x00000000e0000000, 0x00000000f5580000, 0x00000000f5580000)
  object space 349696K, 99% used [0x00000000e0000000,0x00000000f557f2d8,0x00000000f5580000)
 Metaspace       used 52853K, committed 53696K, reserved 1097728K
  class space    used 5344K, committed 5696K, reserved 1048576K
}
Event: 815.695 GC heap after
{Heap after GC invocations=550 (full 449):
 PSYoungGen      total 52224K, used 32767K [0x00000000f5580000, 0x00000000fa880000, 0x0000000100000000)
  eden space 32768K, 99% used [0x00000000f5580000,0x00000000f757ffe0,0x00000000f7580000)
  from space 19456K, 0% used [0x00000000f7580000,0x00000000f7580000,0x00000000f8880000)
  to   space 23552K, 0% used [0x00000000f9180000,0x00000000f9180000,0x00000000fa880000)
 ParOldGen       total 349696K, used 349692K [0x00000000e0000000, 0x00000000f5580000, 0x00000000f5580000)
  object space 349696K, 99% used [0x00000000e0000000,0x00000000f557f2d8,0x00000000f5580000)
 Metaspace       used 52853K, committed 53696K, reserved 1097728K
  class space    used 5344K, committed 5696K, reserved 1048576K
}
Event: 815.695 GC heap before
{Heap before GC invocations=551 (full 450):
 PSYoungGen      total 52224K, used 32768K [0x00000000f5580000, 0x00000000fa880000, 0x0000000100000000)
  eden space 32768K, 100% used [0x00000000f5580000,0x00000000f7580000,0x00000000f7580000)
  from space 19456K, 0% used [0x00000000f7580000,0x00000000f7580000,0x00000000f8880000)
  to   space 23552K, 0% used [0x00000000f9180000,0x00000000f9180000,0x00000000fa880000)
 ParOldGen       total 349696K, used 349692K [0x00000000e0000000, 0x00000000f5580000, 0x00000000f5580000)
  object space 349696K, 99% used [0x00000000e0000000,0x00000000f557f2d8,0x00000000f5580000)
 Metaspace       used 52853K, committed 53696K, reserved 1097728K
  class space    used 5344K, committed 5696K, reserved 1048576K
}
Event: 817.211 GC heap after
{Heap after GC invocations=551 (full 450):
 PSYoungGen      total 56320K, used 32768K [0x00000000f5580000, 0x00000000fa880000, 0x0000000100000000)
  eden space 32768K, 100% used [0x00000000f5580000,0x00000000f7580000,0x00000000f7580000)
  from space 23552K, 0% used [0x00000000f9180000,0x00000000f9180000,0x00000000fa880000)
  to   space 19456K, 0% used [0x00000000f7580000,0x00000000f7580000,0x00000000f8880000)
 ParOldGen       total 349696K, used 349692K [0x00000000e0000000, 0x00000000f5580000, 0x00000000f5580000)
  object space 349696K, 99% used [0x00000000e0000000,0x00000000f557f2d8,0x00000000f5580000)
 Metaspace       used 52853K, committed 53696K, reserved 1097728K
  class space    used 5344K, committed 5696K, reserved 1048576K
}
Event: 817.215 GC heap before
{Heap before GC invocations=552 (full 451):
 PSYoungGen      total 56320K, used 32768K [0x00000000f5580000, 0x00000000fa880000, 0x0000000100000000)
  eden space 32768K, 100% used [0x00000000f5580000,0x00000000f7580000,0x00000000f7580000)
  from space 23552K, 0% used [0x00000000f9180000,0x00000000f9180000,0x00000000fa880000)
  to   space 19456K, 0% used [0x00000000f7580000,0x00000000f7580000,0x00000000f8880000)
 ParOldGen       total 349696K, used 349695K [0x00000000e0000000, 0x00000000f5580000, 0x00000000f5580000)
  object space 349696K, 99% used [0x00000000e0000000,0x00000000f557fe30,0x00000000f5580000)
 Metaspace       used 52853K, committed 53696K, reserved 1097728K
  class space    used 5344K, committed 5696K, reserved 1048576K
}
Event: 818.800 GC heap after
{Heap after GC invocations=552 (full 451):
 PSYoungGen      total 52224K, used 32767K [0x00000000f5580000, 0x00000000fa880000, 0x0000000100000000)
  eden space 32768K, 99% used [0x00000000f5580000,0x00000000f757ffe0,0x00000000f7580000)
  from space 19456K, 0% used [0x00000000f7580000,0x00000000f7580000,0x00000000f8880000)
  to   space 23552K, 0% used [0x00000000f9180000,0x00000000f9180000,0x00000000fa880000)
 ParOldGen       total 349696K, used 349693K [0x00000000e0000000, 0x00000000f5580000, 0x00000000f5580000)
  object space 349696K, 99% used [0x00000000e0000000,0x00000000f557f460,0x00000000f5580000)
 Metaspace       used 52853K, committed 53696K, reserved 1097728K
  class space    used 5344K, committed 5696K, reserved 1048576K
}
Event: 818.800 GC heap before
{Heap before GC invocations=553 (full 452):
 PSYoungGen      total 52224K, used 32767K [0x00000000f5580000, 0x00000000fa880000, 0x0000000100000000)
  eden space 32768K, 99% used [0x00000000f5580000,0x00000000f757fff8,0x00000000f7580000)
  from space 19456K, 0% used [0x00000000f7580000,0x00000000f7580000,0x00000000f8880000)
  to   space 23552K, 0% used [0x00000000f9180000,0x00000000f9180000,0x00000000fa880000)
 ParOldGen       total 349696K, used 349693K [0x00000000e0000000, 0x00000000f5580000, 0x00000000f5580000)
  object space 349696K, 99% used [0x00000000e0000000,0x00000000f557f460,0x00000000f5580000)
 Metaspace       used 52853K, committed 53696K, reserved 1097728K
  class space    used 5344K, committed 5696K, reserved 1048576K
}
Event: 820.390 GC heap after
{Heap after GC invocations=553 (full 452):
 PSYoungGen      total 56320K, used 32767K [0x00000000f5580000, 0x00000000fa880000, 0x0000000100000000)
  eden space 32768K, 99% used [0x00000000f5580000,0x00000000f757fff8,0x00000000f7580000)
  from space 23552K, 0% used [0x00000000f9180000,0x00000000f9180000,0x00000000fa880000)
  to   space 19456K, 0% used [0x00000000f7580000,0x00000000f7580000,0x00000000f8880000)
 ParOldGen       total 349696K, used 349693K [0x00000000e0000000, 0x00000000f5580000, 0x00000000f5580000)
  object space 349696K, 99% used [0x00000000e0000000,0x00000000f557f440,0x00000000f5580000)
 Metaspace       used 52853K, committed 53696K, reserved 1097728K
  class space    used 5344K, committed 5696K, reserved 1048576K
}
Event: 820.391 GC heap before
{Heap before GC invocations=554 (full 453):
 PSYoungGen      total 56320K, used 32767K [0x00000000f5580000, 0x00000000fa880000, 0x0000000100000000)
  eden space 32768K, 99% used [0x00000000f5580000,0x00000000f757fff8,0x00000000f7580000)
  from space 23552K, 0% used [0x00000000f9180000,0x00000000f9180000,0x00000000fa880000)
  to   space 19456K, 0% used [0x00000000f7580000,0x00000000f7580000,0x00000000f8880000)
 ParOldGen       total 349696K, used 349693K [0x00000000e0000000, 0x00000000f5580000, 0x00000000f5580000)
  object space 349696K, 99% used [0x00000000e0000000,0x00000000f557f540,0x00000000f5580000)
 Metaspace       used 52853K, committed 53696K, reserved 1097728K
  class space    used 5344K, committed 5696K, reserved 1048576K
}
Event: 822.007 GC heap after
{Heap after GC invocations=554 (full 453):
 PSYoungGen      total 52224K, used 32767K [0x00000000f5580000, 0x00000000fa880000, 0x0000000100000000)
  eden space 32768K, 99% used [0x00000000f5580000,0x00000000f757fff8,0x00000000f7580000)
  from space 19456K, 0% used [0x00000000f7580000,0x00000000f7580000,0x00000000f8880000)
  to   space 23552K, 0% used [0x00000000f9180000,0x00000000f9180000,0x00000000fa880000)
 ParOldGen       total 349696K, used 349693K [0x00000000e0000000, 0x00000000f5580000, 0x00000000f5580000)
  object space 349696K, 99% used [0x00000000e0000000,0x00000000f557f4d0,0x00000000f5580000)
 Metaspace       used 52853K, committed 53696K, reserved 1097728K
  class space    used 5344K, committed 5696K, reserved 1048576K
}
Event: 822.008 GC heap before
{Heap before GC invocations=555 (full 454):
 PSYoungGen      total 52224K, used 32767K [0x00000000f5580000, 0x00000000fa880000, 0x0000000100000000)
  eden space 32768K, 99% used [0x00000000f5580000,0x00000000f757fff8,0x00000000f7580000)
  from space 19456K, 0% used [0x00000000f7580000,0x00000000f7580000,0x00000000f8880000)
  to   space 23552K, 0% used [0x00000000f9180000,0x00000000f9180000,0x00000000fa880000)
 ParOldGen       total 349696K, used 349693K [0x00000000e0000000, 0x00000000f5580000, 0x00000000f5580000)
  object space 349696K, 99% used [0x00000000e0000000,0x00000000f557f4d0,0x00000000f5580000)
 Metaspace       used 52853K, committed 53696K, reserved 1097728K
  class space    used 5344K, committed 5696K, reserved 1048576K
}
Event: 823.575 GC heap after
{Heap after GC invocations=555 (full 454):
 PSYoungGen      total 56320K, used 32767K [0x00000000f5580000, 0x00000000fa880000, 0x0000000100000000)
  eden space 32768K, 99% used [0x00000000f5580000,0x00000000f757fff8,0x00000000f7580000)
  from space 23552K, 0% used [0x00000000f9180000,0x00000000f9180000,0x00000000fa880000)
  to   space 19456K, 0% used [0x00000000f7580000,0x00000000f7580000,0x00000000f8880000)
 ParOldGen       total 349696K, used 349693K [0x00000000e0000000, 0x00000000f5580000, 0x00000000f5580000)
  object space 349696K, 99% used [0x00000000e0000000,0x00000000f557f4d0,0x00000000f5580000)
 Metaspace       used 52853K, committed 53696K, reserved 1097728K
  class space    used 5344K, committed 5696K, reserved 1048576K
}
Event: 823.575 GC heap before
{Heap before GC invocations=556 (full 455):
 PSYoungGen      total 56320K, used 32767K [0x00000000f5580000, 0x00000000fa880000, 0x0000000100000000)
  eden space 32768K, 99% used [0x00000000f5580000,0x00000000f757fff8,0x00000000f7580000)
  from space 23552K, 0% used [0x00000000f9180000,0x00000000f9180000,0x00000000fa880000)
  to   space 19456K, 0% used [0x00000000f7580000,0x00000000f7580000,0x00000000f8880000)
 ParOldGen       total 349696K, used 349694K [0x00000000e0000000, 0x00000000f5580000, 0x00000000f5580000)
  object space 349696K, 99% used [0x00000000e0000000,0x00000000f557fb60,0x00000000f5580000)
 Metaspace       used 52853K, committed 53696K, reserved 1097728K
  class space    used 5344K, committed 5696K, reserved 1048576K
}
Event: 825.219 GC heap after
{Heap after GC invocations=556 (full 455):
 PSYoungGen      total 52224K, used 32767K [0x00000000f5580000, 0x00000000fa880000, 0x0000000100000000)
  eden space 32768K, 99% used [0x00000000f5580000,0x00000000f757fff8,0x00000000f7580000)
  from space 19456K, 0% used [0x00000000f7580000,0x00000000f7580000,0x00000000f8880000)
  to   space 23552K, 0% used [0x00000000f9180000,0x00000000f9180000,0x00000000fa880000)
 ParOldGen       total 349696K, used 349693K [0x00000000e0000000, 0x00000000f5580000, 0x00000000f5580000)
  object space 349696K, 99% used [0x00000000e0000000,0x00000000f557f7e0,0x00000000f5580000)
 Metaspace       used 52853K, committed 53696K, reserved 1097728K
  class space    used 5344K, committed 5696K, reserved 1048576K
}
Event: 825.219 GC heap before
{Heap before GC invocations=557 (full 456):
 PSYoungGen      total 52224K, used 32767K [0x00000000f5580000, 0x00000000fa880000, 0x0000000100000000)
  eden space 32768K, 99% used [0x00000000f5580000,0x00000000f757fff8,0x00000000f7580000)
  from space 19456K, 0% used [0x00000000f7580000,0x00000000f7580000,0x00000000f8880000)
  to   space 23552K, 0% used [0x00000000f9180000,0x00000000f9180000,0x00000000fa880000)
 ParOldGen       total 349696K, used 349693K [0x00000000e0000000, 0x00000000f5580000, 0x00000000f5580000)
  object space 349696K, 99% used [0x00000000e0000000,0x00000000f557f7e0,0x00000000f5580000)
 Metaspace       used 52853K, committed 53696K, reserved 1097728K
  class space    used 5344K, committed 5696K, reserved 1048576K
}
Event: 826.797 GC heap after
{Heap after GC invocations=557 (full 456):
 PSYoungGen      total 56320K, used 32767K [0x00000000f5580000, 0x00000000fa880000, 0x0000000100000000)
  eden space 32768K, 99% used [0x00000000f5580000,0x00000000f757fff8,0x00000000f7580000)
  from space 23552K, 0% used [0x00000000f9180000,0x00000000f9180000,0x00000000fa880000)
  to   space 19456K, 0% used [0x00000000f7580000,0x00000000f7580000,0x00000000f8880000)
 ParOldGen       total 349696K, used 349693K [0x00000000e0000000, 0x00000000f5580000, 0x00000000f5580000)
  object space 349696K, 99% used [0x00000000e0000000,0x00000000f557f7e0,0x00000000f5580000)
 Metaspace       used 52853K, committed 53696K, reserved 1097728K
  class space    used 5344K, committed 5696K, reserved 1048576K
}

